[debug] [2024-11-06T10:07:13.017Z] ----------------------------------------------------------------------
[debug] [2024-11-06T10:07:13.023Z] Command:       D:\Program Setup\Node.js\node.exe C:\Users\Kishore\AppData\Roaming\npm\node_modules\firebase-tools\lib\bin\firebase.js init
[debug] [2024-11-06T10:07:13.024Z] CLI Version:   13.23.1
[debug] [2024-11-06T10:07:13.024Z] Platform:      win32
[debug] [2024-11-06T10:07:13.024Z] Node Version:  v20.11.0
[debug] [2024-11-06T10:07:13.024Z] Time:          Wed Nov 06 2024 15:37:13 GMT+0530 (India Standard Time)
[debug] [2024-11-06T10:07:13.024Z] ----------------------------------------------------------------------
[debug] 
[debug] [2024-11-06T10:07:13.052Z] >>> [apiv2][query] GET https://firebase-public.firebaseio.com/cli.json [none]
[debug] [2024-11-06T10:07:13.339Z] > command requires scopes: ["email","openid","https://www.googleapis.com/auth/cloudplatformprojects.readonly","https://www.googleapis.com/auth/firebase","https://www.googleapis.com/auth/cloud-platform"]
[debug] [2024-11-06T10:07:13.340Z] > authorizing via signed-in user (kishoreshan2801@gmail.com)
[info] 
     ######## #### ########  ######## ########     ###     ######  ########
     ##        ##  ##     ## ##       ##     ##  ##   ##  ##       ##
     ######    ##  ########  ######   ########  #########  ######  ######
     ##        ##  ##    ##  ##       ##     ## ##     ##       ## ##
     ##       #### ##     ## ######## ########  ##     ##  ######  ########

You're about to initialize a Firebase project in this directory:

  E:\My Learning\My Projects\React JS\Portfolio Website V3\portfolio_website

Before we get started, keep in mind:

  * You are initializing within an existing Firebase project directory

